This is pdfTeX, Version 3.14159265-2.6-1.40.20 (TeX Live 2019/Arch Linux) (preloaded format=pdflatex 2020.3.20)  11 JUN 2020 22:48
entering extended mode
 restricted \write18 enabled.
 %&-line parsing enabled.
**egpaper_final.tex
(./egpaper_final.tex
LaTeX2e <2019-10-01> patch level 1
(/usr/share/texmf-dist/tex/latex/base/article.cls
Document Class: article 2019/08/27 v1.4j Standard LaTeX document class
(/usr/share/texmf-dist/tex/latex/base/size10.clo
File: size10.clo 2019/08/27 v1.4j Standard LaTeX file (size option)
)
\c@part=\count80
\c@section=\count81
\c@subsection=\count82
\c@subsubsection=\count83
\c@paragraph=\count84
\c@subparagraph=\count85
\c@figure=\count86
\c@table=\count87
\abovecaptionskip=\skip41
\belowcaptionskip=\skip42
\bibindent=\dimen102
) (./cvpr.sty (./eso-pic.sty
Package: eso-pic 2002/11/16 v1.1b eso-pic (RN)

(./cvpr_eso.sty

LaTeX Warning: You have requested package `eso-pic',
               but the package provides `everyshi'.

Package: everyshi 2001/05/15 v3.00 EveryShipout Package (MS)
) (/usr/share/texmf-dist/tex/latex/graphics/keyval.sty
Package: keyval 2014/10/28 v1.15 key=value parser (DPC)
\KV@toks@=\toks14
))
(/usr/share/texmf-dist/tex/latex/tools/xspace.sty
Package: xspace 2014/10/28 v1.13 Space after command names (DPC,MH)
)
CVPR 8.5 x 11-Inch Proceedings Style `cvpr.sty'.
\@ctmp=\skip43
\@figindent=\skip44
\cvprrulerbox=\box27
\cvprrulercount=\count88
\cvprruleroffset=\dimen103
\cv@lineheight=\dimen104
\cv@boxheight=\dimen105
\cv@tmpbox=\box28
\cv@refno=\count89
\cv@tot=\count90
\cv@tmpc@=\count91
\cv@tmpc=\count92
) (/usr/share/texmf-dist/tex/latex/psnfss/times.sty
Package: times 2005/04/12 PSNFSS-v9.2a (SPQR) 
)
(/usr/share/texmf-dist/tex/latex/graphics/epsfig.sty
Package: epsfig 2017/06/25 v1.7b (e)psfig emulation (SPQR)

(/usr/share/texmf-dist/tex/latex/graphics/graphicx.sty
Package: graphicx 2017/06/01 v1.1a Enhanced LaTeX Graphics (DPC,SPQR)

(/usr/share/texmf-dist/tex/latex/graphics/graphics.sty
Package: graphics 2019/10/08 v1.3c Standard LaTeX Graphics (DPC,SPQR)

(/usr/share/texmf-dist/tex/latex/graphics/trig.sty
Package: trig 2016/01/03 v1.10 sin cos tan (DPC)
)
(/usr/share/texmf-dist/tex/latex/graphics-cfg/graphics.cfg
File: graphics.cfg 2016/06/04 v1.11 sample graphics configuration
)
Package graphics Info: Driver file: pdftex.def on input line 105.

(/usr/share/texmf-dist/tex/latex/graphics-def/pdftex.def
File: pdftex.def 2018/01/08 v1.0l Graphics/color driver for pdftex
))
\Gin@req@height=\dimen106
\Gin@req@width=\dimen107
)
\epsfxsize=\dimen108
\epsfysize=\dimen109
)
(/usr/share/texmf-dist/tex/latex/amsmath/amsmath.sty
Package: amsmath 2019/04/01 v2.17c AMS math features
\@mathmargin=\skip45

For additional information on amsmath, use the `?' option.
(/usr/share/texmf-dist/tex/latex/amsmath/amstext.sty
Package: amstext 2000/06/29 v2.01 AMS text

(/usr/share/texmf-dist/tex/latex/amsmath/amsgen.sty
File: amsgen.sty 1999/11/30 v2.0 generic functions
\@emptytoks=\toks15
\ex@=\dimen110
))
(/usr/share/texmf-dist/tex/latex/amsmath/amsbsy.sty
Package: amsbsy 1999/11/29 v1.2d Bold Symbols
\pmbraise@=\dimen111
)
(/usr/share/texmf-dist/tex/latex/amsmath/amsopn.sty
Package: amsopn 2016/03/08 v2.02 operator names
)
\inf@bad=\count93
LaTeX Info: Redefining \frac on input line 227.
\uproot@=\count94
\leftroot@=\count95
LaTeX Info: Redefining \overline on input line 389.
\classnum@=\count96
\DOTSCASE@=\count97
LaTeX Info: Redefining \ldots on input line 486.
LaTeX Info: Redefining \dots on input line 489.
LaTeX Info: Redefining \cdots on input line 610.
\Mathstrutbox@=\box29
\strutbox@=\box30
\big@size=\dimen112
LaTeX Font Info:    Redeclaring font encoding OML on input line 733.
LaTeX Font Info:    Redeclaring font encoding OMS on input line 734.
\macc@depth=\count98
\c@MaxMatrixCols=\count99
\dotsspace@=\muskip10
\c@parentequation=\count100
\dspbrk@lvl=\count101
\tag@help=\toks16
\row@=\count102
\column@=\count103
\maxfields@=\count104
\andhelp@=\toks17
\eqnshift@=\dimen113
\alignsep@=\dimen114
\tagshift@=\dimen115
\tagwidth@=\dimen116
\totwidth@=\dimen117
\lineht@=\dimen118
\@envbody=\toks18
\multlinegap=\skip46
\multlinetaggap=\skip47
\mathdisplay@stack=\toks19
LaTeX Info: Redefining \[ on input line 2855.
LaTeX Info: Redefining \] on input line 2856.
)
(/usr/share/texmf-dist/tex/latex/amsfonts/amssymb.sty
Package: amssymb 2013/01/14 v3.01 AMS font symbols

(/usr/share/texmf-dist/tex/latex/amsfonts/amsfonts.sty
Package: amsfonts 2013/01/14 v3.01 Basic AMSFonts support
\symAMSa=\mathgroup4
\symAMSb=\mathgroup5
LaTeX Font Info:    Redeclaring math symbol \hbar on input line 98.
LaTeX Font Info:    Overwriting math alphabet `\mathfrak' in version `bold'
(Font)                  U/euf/m/n --> U/euf/b/n on input line 106.
))
(/usr/share/texmf-dist/tex/latex/caption/caption.sty
Package: caption 2019/09/01 v3.3d Customizing captions (AR)

(/usr/share/texmf-dist/tex/latex/caption/caption3.sty
Package: caption3 2019/09/01 v1.8d caption3 kernel (AR)
Package caption3 Info: TeX engine: e-TeX on input line 64.
\captionmargin=\dimen119
\captionmargin@=\dimen120
\captionwidth=\dimen121
\caption@tempdima=\dimen122
\caption@indent=\dimen123
\caption@parindent=\dimen124
\caption@hangindent=\dimen125
Package caption Info: Unknown document class (or package),
(caption)             standard defaults will be used.
)

Package caption Warning: Unsupported document class (or package) detected,
(caption)                usage of the caption package is not recommended.
See the caption package documentation for explanation.

Package caption Info: \@makecaption = \long macro:#1#2-> \setbox \@tempboxa \hb
ox {\small \noindent #1.~#2} \setlength {\@ctmp }{\hsize } \addtolength {\@ctmp
 }{-\@figindent }\addtolength {\@ctmp }{-\@figindent } \ifdim \wd \@tempboxa >\
@ctmp {\small #1.~#2\par } \else \hbox to\hsize {\hfil \box \@tempboxa \hfil } 
\fi .
\c@caption@flags=\count105
\c@ContinuedFloat=\count106
) (/usr/share/texmf-dist/tex/latex/caption/subcaption.sty
Package: subcaption 2019/09/01 v1.3a Sub-captions (AR)
\c@subfigure=\count107
\c@subtable=\count108
)
(/usr/share/texmf-dist/tex/latex/hyperref/hyperref.sty
Package: hyperref 2019/09/28 v7.00a Hypertext links for LaTeX

(/usr/share/texmf-dist/tex/generic/oberdiek/hobsub-hyperref.sty
Package: hobsub-hyperref 2016/05/16 v1.14 Bundle oberdiek, subset hyperref (HO)


(/usr/share/texmf-dist/tex/generic/oberdiek/hobsub-generic.sty
Package: hobsub-generic 2016/05/16 v1.14 Bundle oberdiek, subset generic (HO)
Package: hobsub 2016/05/16 v1.14 Construct package bundles (HO)
Package: infwarerr 2016/05/16 v1.4 Providing info/warning/error messages (HO)
Package: ltxcmds 2016/05/16 v1.23 LaTeX kernel commands for general use (HO)
Package: ifluatex 2016/05/16 v1.4 Provides the ifluatex switch (HO)
Package ifluatex Info: LuaTeX not detected.
Package: ifvtex 2016/05/16 v1.6 Detect VTeX and its facilities (HO)
Package ifvtex Info: VTeX not detected.
Package: intcalc 2016/05/16 v1.2 Expandable calculations with integers (HO)
Package: ifpdf 2018/09/07 v3.3 Provides the ifpdf switch
Package: etexcmds 2016/05/16 v1.6 Avoid name clashes with e-TeX commands (HO)
Package: kvsetkeys 2016/05/16 v1.17 Key value parser (HO)
Package: kvdefinekeys 2016/05/16 v1.4 Define keys (HO)
Package: pdftexcmds 2019/07/25 v0.30 Utility functions of pdfTeX for LuaTeX (HO
)
Package pdftexcmds Info: LuaTeX not detected.
Package pdftexcmds Info: \pdf@primitive is available.
Package pdftexcmds Info: \pdf@ifprimitive is available.
Package pdftexcmds Info: \pdfdraftmode found.
Package: pdfescape 2016/05/16 v1.14 Implements pdfTeX's escape features (HO)
Package: bigintcalc 2016/05/16 v1.4 Expandable calculations on big integers (HO
)
Package: bitset 2016/05/16 v1.2 Handle bit-vector datatype (HO)
Package: uniquecounter 2016/05/16 v1.3 Provide unlimited unique counter (HO)
)
Package hobsub Info: Skipping package `hobsub' (already loaded).
Package: letltxmacro 2016/05/16 v1.5 Let assignment for LaTeX macros (HO)
Package: hopatch 2016/05/16 v1.3 Wrapper for package hooks (HO)
Package: xcolor-patch 2016/05/16 xcolor patch
Package: atveryend 2016/05/16 v1.9 Hooks at the very end of document (HO)
Package atveryend Info: \enddocument detected (standard20110627).
Package: atbegshi 2016/06/09 v1.18 At begin shipout hook (HO)
Package: refcount 2016/05/16 v3.5 Data extraction from label references (HO)
Package: hycolor 2016/05/16 v1.8 Color options for hyperref/bookmark (HO)
)
(/usr/share/texmf-dist/tex/generic/ifxetex/ifxetex.sty
Package: ifxetex 2010/09/12 v0.6 Provides ifxetex conditional
)
(/usr/share/texmf-dist/tex/latex/oberdiek/auxhook.sty
Package: auxhook 2016/05/16 v1.4 Hooks for auxiliary files (HO)
)
(/usr/share/texmf-dist/tex/latex/oberdiek/kvoptions.sty
Package: kvoptions 2016/05/16 v3.12 Key value format for package options (HO)
)
\@linkdim=\dimen126
\Hy@linkcounter=\count109
\Hy@pagecounter=\count110

(/usr/share/texmf-dist/tex/latex/hyperref/pd1enc.def
File: pd1enc.def 2019/09/28 v7.00a Hyperref: PDFDocEncoding definition (HO)
Now handling font encoding PD1 ...
... no UTF-8 mapping file for font encoding PD1
)
\Hy@SavedSpaceFactor=\count111

(/usr/share/texmf-dist/tex/latex/latexconfig/hyperref.cfg
File: hyperref.cfg 2002/06/06 v1.2 hyperref configuration of TeXLive
)
Package hyperref Info: Option `breaklinks' set `true' on input line 4414.
Package hyperref Info: Option `bookmarks' set `false' on input line 4414.
Package hyperref Info: Hyper figures OFF on input line 4540.
Package hyperref Info: Link nesting OFF on input line 4545.
Package hyperref Info: Hyper index ON on input line 4548.
Package hyperref Info: Plain pages OFF on input line 4555.
Package hyperref Info: Backreferencing OFF on input line 4560.
Package hyperref Info: Implicit mode ON; LaTeX internals redefined.
Package hyperref Info: Bookmarks OFF on input line 4799.
\c@Hy@tempcnt=\count112

(/usr/share/texmf-dist/tex/latex/url/url.sty
\Urlmuskip=\muskip11
Package: url 2013/09/16  ver 3.4  Verb mode for urls, etc.
)
LaTeX Info: Redefining \url on input line 5152.
\XeTeXLinkMargin=\dimen127
\Fld@menulength=\count113
\Field@Width=\dimen128
\Fld@charsize=\dimen129
Package hyperref Info: Hyper figures OFF on input line 6423.
Package hyperref Info: Link nesting OFF on input line 6428.
Package hyperref Info: Hyper index ON on input line 6431.
Package hyperref Info: backreferencing OFF on input line 6438.
Package hyperref Info: Link coloring OFF on input line 6443.
Package hyperref Info: Link coloring with OCG OFF on input line 6448.
Package hyperref Info: PDF/A mode OFF on input line 6453.
LaTeX Info: Redefining \ref on input line 6493.
LaTeX Info: Redefining \pageref on input line 6497.
\Hy@abspage=\count114
\c@Item=\count115
\c@Hfootnote=\count116
)
Package hyperref Info: Driver (autodetected): hpdftex.

(/usr/share/texmf-dist/tex/latex/hyperref/hpdftex.def
File: hpdftex.def 2019/09/28 v7.00a Hyperref driver for pdfTeX
\Fld@listcount=\count117
\c@bookmark@seq@number=\count118

(/usr/share/texmf-dist/tex/latex/oberdiek/rerunfilecheck.sty
Package: rerunfilecheck 2016/05/16 v1.8 Rerun checks for auxiliary files (HO)
Package uniquecounter Info: New unique counter `rerunfilecheck' on input line 2
82.
)
\Hy@SectionHShift=\skip48
)
No file egpaper_final.aux.
\openout1 = `egpaper_final.aux'.

LaTeX Font Info:    Checking defaults for OML/cmm/m/it on input line 19.
LaTeX Font Info:    ... okay on input line 19.
LaTeX Font Info:    Checking defaults for T1/cmr/m/n on input line 19.
LaTeX Font Info:    ... okay on input line 19.
LaTeX Font Info:    Checking defaults for OT1/cmr/m/n on input line 19.
LaTeX Font Info:    ... okay on input line 19.
LaTeX Font Info:    Checking defaults for OMS/cmsy/m/n on input line 19.
LaTeX Font Info:    ... okay on input line 19.
LaTeX Font Info:    Checking defaults for OMX/cmex/m/n on input line 19.
LaTeX Font Info:    ... okay on input line 19.
LaTeX Font Info:    Checking defaults for U/cmr/m/n on input line 19.
LaTeX Font Info:    ... okay on input line 19.
LaTeX Font Info:    Checking defaults for PD1/pdf/m/n on input line 19.
LaTeX Font Info:    ... okay on input line 19.
LaTeX Font Info:    Trying to load font information for OT1+ptm on input line 1
9.
(/usr/share/texmf-dist/tex/latex/psnfss/ot1ptm.fd
File: ot1ptm.fd 2001/06/04 font definitions for OT1/ptm.
)
ABD: EveryShipout initializing macros
(/usr/share/texmf-dist/tex/latex/graphics/color.sty
Package: color 2016/07/10 v1.1e Standard LaTeX Color (DPC)

(/usr/share/texmf-dist/tex/latex/graphics-cfg/color.cfg
File: color.cfg 2016/01/02 v1.6 sample color configuration
)
Package color Info: Driver file: pdftex.def on input line 147.
)
(/usr/share/texmf-dist/tex/context/base/mkii/supp-pdf.mkii
[Loading MPS to PDF converter (version 2006.09.02).]
\scratchcounter=\count119
\scratchdimen=\dimen130
\scratchbox=\box31
\nofMPsegments=\count120
\nofMParguments=\count121
\everyMPshowfont=\toks20
\MPscratchCnt=\count122
\MPscratchDim=\dimen131
\MPnumerator=\count123
\makeMPintoPDFobject=\count124
\everyMPtoPDFconversion=\toks21
) (/usr/share/texmf-dist/tex/latex/oberdiek/epstopdf-base.sty
Package: epstopdf-base 2016/05/15 v2.6 Base part for package epstopdf

(/usr/share/texmf-dist/tex/latex/oberdiek/grfext.sty
Package: grfext 2016/05/16 v1.2 Manage graphics extensions (HO)
)
Package epstopdf-base Info: Redefining graphics rule for `.eps' on input line 4
38.
Package grfext Info: Graphics extension search list:
(grfext)             [.pdf,.png,.jpg,.mps,.jpeg,.jbig2,.jb2,.PDF,.PNG,.JPG,.JPE
G,.JBIG2,.JB2,.eps]
(grfext)             \AppendGraphicsExtensions on input line 456.

(/usr/share/texmf-dist/tex/latex/latexconfig/epstopdf-sys.cfg
File: epstopdf-sys.cfg 2010/07/13 v1.3 Configuration of (r)epstopdf for TeX Liv
e
))
Package caption Info: Begin \AtBeginDocument code.
Package caption Info: hyperref package is loaded.
Package caption Info: End \AtBeginDocument code.
\AtBeginShipoutBox=\box32
Package atbegshi Info: Package `everyshi' patched.
Package hyperref Info: Link coloring OFF on input line 19.

(/usr/share/texmf-dist/tex/latex/hyperref/nameref.sty
Package: nameref 2019/09/16 v2.46 Cross-referencing by name of section

(/usr/share/texmf-dist/tex/generic/oberdiek/gettitlestring.sty
Package: gettitlestring 2016/05/16 v1.5 Cleanup title references (HO)
)
\c@section@level=\count125
)
LaTeX Info: Redefining \ref on input line 19.
LaTeX Info: Redefining \pageref on input line 19.
LaTeX Info: Redefining \nameref on input line 19.
LaTeX Font Info:    Font shape `OT1/ptm/bx/n' in size <14.4> not available
(Font)              Font shape `OT1/ptm/b/n' tried instead on input line 32.
LaTeX Font Info:    Trying to load font information for U+msa on input line 32.


(/usr/share/texmf-dist/tex/latex/amsfonts/umsa.fd
File: umsa.fd 2013/01/14 v3.01 AMS symbols A
)
LaTeX Font Info:    Trying to load font information for U+msb on input line 32.


(/usr/share/texmf-dist/tex/latex/amsfonts/umsb.fd
File: umsb.fd 2013/01/14 v3.01 AMS symbols B
)
LaTeX Font Info:    Trying to load font information for OT1+pcr on input line 3
2.

(/usr/share/texmf-dist/tex/latex/psnfss/ot1pcr.fd
File: ot1pcr.fd 2001/06/04 font definitions for OT1/pcr.
)
LaTeX Font Info:    Font shape `OT1/ptm/bx/n' in size <12> not available
(Font)              Font shape `OT1/ptm/b/n' tried instead on input line 34.
LaTeX Font Info:    Trying to load font information for OMS+ptm on input line 4
7.

(/usr/share/texmf-dist/tex/latex/psnfss/omsptm.fd
File: omsptm.fd 
)
LaTeX Font Info:    Font shape `OMS/ptm/m/n' in size <10> not available
(Font)              Font shape `OMS/cmsy/m/n' tried instead on input line 47.
LaTeX Font Info:    Font shape `OT1/ptm/bx/n' in size <10> not available
(Font)              Font shape `OT1/ptm/b/n' tried instead on input line 52.


LaTeX Warning: Citation `kaggle' on page 1 undefined on input line 52.

<images/scab.jpg, id=4, 2055.68pt x 1370.11874pt>
File: images/scab.jpg Graphic file (type jpg)
<use images/scab.jpg>
Package pdftex.def Info: images/scab.jpg  used on input line 57.
(pdftex.def)             Requested size: 102.79001pt x 68.50995pt.
<images/multiple.jpg, id=5, 2055.68pt x 1370.11874pt>
File: images/multiple.jpg Graphic file (type jpg)
<use images/multiple.jpg>
Package pdftex.def Info: images/multiple.jpg  used on input line 64.
(pdftex.def)             Requested size: 102.79001pt x 68.50995pt.
<images/healthy.jpg, id=6, 2055.68pt x 1370.11874pt>
File: images/healthy.jpg Graphic file (type jpg)
<use images/healthy.jpg>
Package pdftex.def Info: images/healthy.jpg  used on input line 73.
(pdftex.def)             Requested size: 102.79001pt x 68.50995pt.
<images/rust.jpg, id=7, 2055.68pt x 1370.11874pt>
File: images/rust.jpg Graphic file (type jpg)
<use images/rust.jpg>
Package pdftex.def Info: images/rust.jpg  used on input line 80.
(pdftex.def)             Requested size: 102.79001pt x 68.50995pt.

Underfull \hbox (badness 10000) in paragraph at lines 52--91

 []

[1{/var/lib/texmf/fonts/map/pdftex/updmap/pdftex.map}


 <./images/scab.jpg> <./images/multiple.jpg> <./images/healthy.jpg> <./images/r
ust.jpg>]

LaTeX Warning: Citation `dlbook' on page 2 undefined on input line 98.


LaTeX Warning: Citation `tds' on page 2 undefined on input line 105.


Underfull \vbox (badness 10000) has occurred while \output is active []

 [2]
<images/without_augmentation.png, id=31, 484.81125pt x 483.8075pt>
File: images/without_augmentation.png Graphic file (type png)
<use images/without_augmentation.png>
Package pdftex.def Info: images/without_augmentation.png  used on input line 13
8.
(pdftex.def)             Requested size: 145.44449pt x 145.14337pt.
<images/with_augmentation.png, id=33, 499.8675pt x 483.8075pt>
File: images/with_augmentation.png Graphic file (type png)
<use images/with_augmentation.png>
Package pdftex.def Info: images/with_augmentation.png  used on input line 146.
(pdftex.def)             Requested size: 149.9614pt x 145.14337pt.


LaTeX Warning: Citation `noise' on page 3 undefined on input line 158.

No file egpaper_final.bbl.
Package atveryend Info: Empty hook `BeforeClearDocument' on input line 169.
[3 <./images/without_augmentation.png> <./images/with_augmentation.png>]
Package atveryend Info: Empty hook `AfterLastShipout' on input line 169.

(./egpaper_final.aux)
Package atveryend Info: Executing hook `AtVeryEndDocument' on input line 169.
Package atveryend Info: Empty hook `AtEndAfterFileList' on input line 169.


LaTeX Warning: There were undefined references.


LaTeX Warning: Label(s) may have changed. Rerun to get cross-references right.

Package atveryend Info: Empty hook `AtVeryVeryEnd' on input line 169.
 ) 
Here is how much of TeX's memory you used:
 7713 strings out of 492167
 113028 string characters out of 6131558
 210460 words of memory out of 5000000
 11959 multiletter control sequences out of 15000+600000
 24844 words of font info for 61 fonts, out of 8000000 for 9000
 1141 hyphenation exceptions out of 8191
 38i,10n,42p,611b,485s stack positions out of 5000i,500n,10000p,200000b,80000s
{/usr/share/texmf-dist/fonts/enc/dvips/base/8r.enc}</usr/share/texmf-dist/fon
ts/type1/public/amsfonts/cm/cmsy10.pfb></usr/share/texmf-dist/fonts/type1/urw/c
ourier/ucrr8a.pfb></usr/share/texmf-dist/fonts/type1/urw/times/utmb8a.pfb></usr
/share/texmf-dist/fonts/type1/urw/times/utmr8a.pfb></usr/share/texmf-dist/fonts
/type1/urw/times/utmri8a.pfb>
Output written on egpaper_final.pdf (3 pages, 954567 bytes).
PDF statistics:
 68 PDF objects out of 1000 (max. 8388607)
 49 compressed objects within 1 object stream
 18 named destinations out of 1000 (max. 500000)
 31 words of extra memory for PDF output out of 10000 (max. 10000000)

